<?xml version="1.0"?>
<!DOCTYPE coverage SYSTEM "http://cobertura.sourceforge.net/xml/coverage-04.dtd">

<coverage line-rate="0.30456852791878175" branch-rate="0.9444444444444444" lines-covered="120" lines-valid="394" branches-covered="17" branches-valid="18" complexity="1.0748663101604279" version="2.0.3" timestamp="1418845335740">
	<sources>
		<source>/home/shevek/java/udev4j/udev-jna/build/generated-sources/jnaerator</source>
		<source>/home/shevek/java/udev4j/udev-jna/src/main/java</source>
	</sources>
	<packages>
		<package name="org.anarres.udev" line-rate="0.30601092896174864" branch-rate="0.9444444444444444" complexity="1.2121212121212122">
			<classes>
				<class name="org.anarres.udev.Udev" filename="org/anarres/udev/Udev.java" line-rate="0.8235294117647058" branch-rate="1.0" complexity="1.25">
					<methods>
						<method name="&lt;init&gt;" signature="()V" line-rate="1.0" branch-rate="1.0">
							<lines>
								<line number="26" hits="2" branch="false"/>
								<line number="27" hits="2" branch="false"/>
							</lines>
						</method>
						<method name="&lt;init&gt;" signature="(Lorg/anarres/udev/generated/UdevLibrary;)V" line-rate="1.0" branch-rate="1.0">
							<lines>
								<line number="20" hits="2" branch="false"/>
								<line number="21" hits="2" branch="false"/>
								<line number="22" hits="2" branch="false"/>
								<line number="23" hits="2" branch="false"/>
							</lines>
						</method>
						<method name="close" signature="()V" line-rate="1.0" branch-rate="1.0">
							<lines>
								<line number="71" hits="2" branch="false"/>
								<line number="72" hits="2" branch="false"/>
							</lines>
						</method>
						<method name="getDeviceBySubsystemSysname" signature="(Ljava/lang/String;Ljava/lang/String;)Lorg/anarres/udev/UdevDevice;" line-rate="0.0" branch-rate="1.0">
							<lines>
								<line number="61" hits="0" branch="false"/>
								<line number="63" hits="0" branch="false"/>
								<line number="65" hits="0" branch="false"/>
							</lines>
						</method>
						<method name="getDeviceBySyspath" signature="(Ljava/lang/String;)Lorg/anarres/udev/UdevDevice;" line-rate="1.0" branch-rate="1.0">
							<lines>
								<line number="51" hits="598" branch="false"/>
								<line number="53" hits="598" branch="false"/>
								<line number="55" hits="598" branch="false"/>
							</lines>
						</method>
						<method name="getHandle" signature="()Lorg/anarres/udev/generated/UdevLibrary$udev;" line-rate="1.0" branch-rate="1.0">
							<lines>
								<line number="36" hits="600" branch="false"/>
							</lines>
						</method>
						<method name="getLibrary" signature="()Lorg/anarres/udev/generated/UdevLibrary;" line-rate="1.0" branch-rate="1.0">
							<lines>
								<line number="31" hits="600" branch="false"/>
							</lines>
						</method>
						<method name="newEnumeration" signature="()Lorg/anarres/udev/UdevEnumeration;" line-rate="1.0" branch-rate="1.0">
							<lines>
								<line number="46" hits="2" branch="false"/>
							</lines>
						</method>
					</methods>
					<lines>
						<line number="20" hits="2" branch="false"/>
						<line number="21" hits="2" branch="false"/>
						<line number="22" hits="2" branch="false"/>
						<line number="23" hits="2" branch="false"/>
						<line number="26" hits="2" branch="false"/>
						<line number="27" hits="2" branch="false"/>
						<line number="31" hits="600" branch="false"/>
						<line number="36" hits="600" branch="false"/>
						<line number="46" hits="2" branch="false"/>
						<line number="51" hits="598" branch="false"/>
						<line number="53" hits="598" branch="false"/>
						<line number="55" hits="598" branch="false"/>
						<line number="61" hits="0" branch="false"/>
						<line number="63" hits="0" branch="false"/>
						<line number="65" hits="0" branch="false"/>
						<line number="71" hits="2" branch="false"/>
						<line number="72" hits="2" branch="false"/>
					</lines>
				</class>
				<class name="org.anarres.udev.UdevDevice" filename="org/anarres/udev/UdevDevice.java" line-rate="0.9302325581395349" branch-rate="1.0" complexity="1.0476190476190477">
					<methods>
						<method name="&lt;init&gt;" signature="(Lorg/anarres/udev/Udev;Lorg/anarres/udev/generated/UdevLibrary$udev_device;)V" line-rate="1.0" branch-rate="1.0">
							<lines>
								<line number="42" hits="598" branch="false"/>
								<line number="43" hits="598" branch="false"/>
								<line number="44" hits="598" branch="false"/>
								<line number="45" hits="598" branch="false"/>
								<line number="46" hits="598" branch="false"/>
								<line number="47" hits="598" branch="false"/>
								<line number="48" hits="598" branch="false"/>
								<line number="49" hits="598" branch="false"/>
								<line number="50" hits="598" branch="false"/>
								<line number="51" hits="598" branch="false"/>
								<line number="52" hits="598" branch="false"/>
								<line number="54" hits="598" branch="true" condition-coverage="100% (2/2)">
									<conditions>
										<condition number="0" type="jump" coverage="100%"/>
									</conditions>
								</line>
								<line number="56" hits="598" branch="false"/>
								<line number="57" hits="598" branch="false"/>
								<line number="59" hits="598" branch="false"/>
								<line number="60" hits="598" branch="false"/>
								<line number="61" hits="598" branch="false"/>
								<line number="62" hits="598" branch="false"/>
								<line number="65" hits="598" branch="false"/>
								<line number="66" hits="598" branch="true" condition-coverage="100% (2/2)">
									<conditions>
										<condition number="0" type="jump" coverage="100%"/>
									</conditions>
								</line>
								<line number="67" hits="361" branch="false"/>
								<line number="69" hits="237" branch="false"/>
								<line number="70" hits="598" branch="false"/>
							</lines>
						</method>
						<method name="getAction" signature="()Ljava/lang/String;" line-rate="1.0" branch-rate="1.0">
							<lines>
								<line number="73" hits="64" branch="false"/>
							</lines>
						</method>
						<method name="getDevlinks" signature="()Ljava/util/List;" line-rate="0.0" branch-rate="1.0">
							<lines>
								<line number="132" hits="0" branch="false"/>
							</lines>
						</method>
						<method name="getDevnode" signature="()Ljava/lang/String;" line-rate="1.0" branch-rate="1.0">
							<lines>
								<line number="77" hits="64" branch="false"/>
							</lines>
						</method>
						<method name="getDevpath" signature="()Ljava/lang/String;" line-rate="1.0" branch-rate="1.0">
							<lines>
								<line number="81" hits="64" branch="false"/>
							</lines>
						</method>
						<method name="getDevtype" signature="()Ljava/lang/String;" line-rate="1.0" branch-rate="1.0">
							<lines>
								<line number="85" hits="64" branch="false"/>
							</lines>
						</method>
						<method name="getDriver" signature="()Ljava/lang/String;" line-rate="1.0" branch-rate="1.0">
							<lines>
								<line number="89" hits="64" branch="false"/>
							</lines>
						</method>
						<method name="getParentSyspath" signature="()Ljava/lang/String;" line-rate="1.0" branch-rate="1.0">
							<lines>
								<line number="110" hits="128" branch="false"/>
							</lines>
						</method>
						<method name="getProperties" signature="()Ljava/util/Map;" line-rate="1.0" branch-rate="1.0">
							<lines>
								<line number="137" hits="64" branch="false"/>
							</lines>
						</method>
						<method name="getProperty" signature="(Ljava/lang/String;)Ljava/lang/String;" line-rate="0.0" branch-rate="1.0">
							<lines>
								<line number="142" hits="0" branch="false"/>
							</lines>
						</method>
						<method name="getSequenceNumber" signature="()J" line-rate="1.0" branch-rate="1.0">
							<lines>
								<line number="118" hits="64" branch="false"/>
							</lines>
						</method>
						<method name="getSubsystem" signature="()Ljava/lang/String;" line-rate="1.0" branch-rate="1.0">
							<lines>
								<line number="93" hits="598" branch="false"/>
							</lines>
						</method>
						<method name="getSysattrs" signature="()Ljava/util/List;" line-rate="1.0" branch-rate="1.0">
							<lines>
								<line number="152" hits="64" branch="false"/>
							</lines>
						</method>
						<method name="getSysname" signature="()Ljava/lang/String;" line-rate="1.0" branch-rate="1.0">
							<lines>
								<line number="97" hits="64" branch="false"/>
							</lines>
						</method>
						<method name="getSysnum" signature="()Ljava/lang/String;" line-rate="1.0" branch-rate="1.0">
							<lines>
								<line number="101" hits="64" branch="false"/>
							</lines>
						</method>
						<method name="getSyspath" signature="()Ljava/lang/String;" line-rate="1.0" branch-rate="1.0">
							<lines>
								<line number="105" hits="64" branch="false"/>
							</lines>
						</method>
						<method name="getTag" signature="(Ljava/lang/String;)Ljava/lang/String;" line-rate="0.0" branch-rate="1.0">
							<lines>
								<line number="162" hits="0" branch="false"/>
							</lines>
						</method>
						<method name="getTags" signature="()Ljava/util/Map;" line-rate="1.0" branch-rate="1.0">
							<lines>
								<line number="157" hits="64" branch="false"/>
							</lines>
						</method>
						<method name="getUsecSinceInitialized" signature="()J" line-rate="1.0" branch-rate="1.0">
							<lines>
								<line number="122" hits="64" branch="false"/>
							</lines>
						</method>
						<method name="isInitialized" signature="()Z" line-rate="1.0" branch-rate="1.0">
							<lines>
								<line number="114" hits="64" branch="false"/>
							</lines>
						</method>
						<method name="toString" signature="()Ljava/lang/String;" line-rate="1.0" branch-rate="1.0">
							<lines>
								<line number="167" hits="64" branch="false"/>
							</lines>
						</method>
					</methods>
					<lines>
						<line number="42" hits="598" branch="false"/>
						<line number="43" hits="598" branch="false"/>
						<line number="44" hits="598" branch="false"/>
						<line number="45" hits="598" branch="false"/>
						<line number="46" hits="598" branch="false"/>
						<line number="47" hits="598" branch="false"/>
						<line number="48" hits="598" branch="false"/>
						<line number="49" hits="598" branch="false"/>
						<line number="50" hits="598" branch="false"/>
						<line number="51" hits="598" branch="false"/>
						<line number="52" hits="598" branch="false"/>
						<line number="54" hits="598" branch="true" condition-coverage="100% (2/2)">
							<conditions>
								<condition number="0" type="jump" coverage="100%"/>
							</conditions>
						</line>
						<line number="56" hits="598" branch="false"/>
						<line number="57" hits="598" branch="false"/>
						<line number="59" hits="598" branch="false"/>
						<line number="60" hits="598" branch="false"/>
						<line number="61" hits="598" branch="false"/>
						<line number="62" hits="598" branch="false"/>
						<line number="65" hits="598" branch="false"/>
						<line number="66" hits="598" branch="true" condition-coverage="100% (2/2)">
							<conditions>
								<condition number="0" type="jump" coverage="100%"/>
							</conditions>
						</line>
						<line number="67" hits="361" branch="false"/>
						<line number="69" hits="237" branch="false"/>
						<line number="70" hits="598" branch="false"/>
						<line number="73" hits="64" branch="false"/>
						<line number="77" hits="64" branch="false"/>
						<line number="81" hits="64" branch="false"/>
						<line number="85" hits="64" branch="false"/>
						<line number="89" hits="64" branch="false"/>
						<line number="93" hits="598" branch="false"/>
						<line number="97" hits="64" branch="false"/>
						<line number="101" hits="64" branch="false"/>
						<line number="105" hits="64" branch="false"/>
						<line number="110" hits="128" branch="false"/>
						<line number="114" hits="64" branch="false"/>
						<line number="118" hits="64" branch="false"/>
						<line number="122" hits="64" branch="false"/>
						<line number="132" hits="0" branch="false"/>
						<line number="137" hits="64" branch="false"/>
						<line number="142" hits="0" branch="false"/>
						<line number="152" hits="64" branch="false"/>
						<line number="157" hits="64" branch="false"/>
						<line number="162" hits="0" branch="false"/>
						<line number="167" hits="64" branch="false"/>
					</lines>
				</class>
				<class name="org.anarres.udev.UdevEntryIterator" filename="org/anarres/udev/UdevEntryIterator.java" line-rate="1.0" branch-rate="1.0" complexity="1.3333333333333333">
					<methods>
						<method name="&lt;init&gt;" signature="(Lorg/anarres/udev/generated/UdevLibrary;Lorg/anarres/udev/generated/UdevLibrary$udev_list_entry;)V" line-rate="1.0" branch-rate="1.0">
							<lines>
								<line number="19" hits="1196" branch="false"/>
								<line number="20" hits="1196" branch="false"/>
							</lines>
						</method>
						<method name="toEntry" signature="(Lorg/anarres/udev/generated/UdevLibrary;Lorg/anarres/udev/generated/UdevLibrary$udev_list_entry;)Ljava/lang/Object;" line-rate="1.0" branch-rate="1.0">
							<lines>
								<line number="16" hits="4630" branch="false"/>
							</lines>
						</method>
						<method name="toEntry" signature="(Lorg/anarres/udev/generated/UdevLibrary;Lorg/anarres/udev/generated/UdevLibrary$udev_list_entry;)Lorg/anarres/udev/UdevListEntry;" line-rate="1.0" branch-rate="1.0">
							<lines>
								<line number="24" hits="4630" branch="false"/>
								<line number="25" hits="4630" branch="false"/>
								<line number="26" hits="4630" branch="false"/>
							</lines>
						</method>
						<method name="toMap" signature="()Ljava/util/Map;" line-rate="1.0" branch-rate="1.0">
							<lines>
								<line number="31" hits="1196" branch="false"/>
								<line number="32" hits="5826" branch="true" condition-coverage="100% (2/2)">
									<conditions>
										<condition number="0" type="jump" coverage="100%"/>
									</conditions>
								</line>
								<line number="33" hits="4630" branch="false"/>
								<line number="34" hits="4630" branch="false"/>
								<line number="35" hits="4630" branch="false"/>
								<line number="36" hits="1196" branch="false"/>
							</lines>
						</method>
					</methods>
					<lines>
						<line number="16" hits="4630" branch="false"/>
						<line number="19" hits="1196" branch="false"/>
						<line number="20" hits="1196" branch="false"/>
						<line number="24" hits="4630" branch="false"/>
						<line number="25" hits="4630" branch="false"/>
						<line number="26" hits="4630" branch="false"/>
						<line number="31" hits="1196" branch="false"/>
						<line number="32" hits="5826" branch="true" condition-coverage="100% (2/2)">
							<conditions>
								<condition number="0" type="jump" coverage="100%"/>
							</conditions>
						</line>
						<line number="33" hits="4630" branch="false"/>
						<line number="34" hits="4630" branch="false"/>
						<line number="35" hits="4630" branch="false"/>
						<line number="36" hits="1196" branch="false"/>
					</lines>
				</class>
				<class name="org.anarres.udev.UdevEnumeration" filename="org/anarres/udev/UdevEnumeration.java" line-rate="0.5925925925925926" branch-rate="1.0" complexity="1.0833333333333333">
					<methods>
						<method name="&lt;init&gt;" signature="(Lorg/anarres/udev/Udev;)V" line-rate="1.0" branch-rate="1.0">
							<lines>
								<line number="31" hits="2" branch="false"/>
								<line number="33" hits="2" branch="false"/>
								<line number="34" hits="2" branch="false"/>
								<line number="35" hits="2" branch="false"/>
							</lines>
						</method>
						<method name="getLibrary" signature="()Lorg/anarres/udev/generated/UdevLibrary;" line-rate="0.0" branch-rate="1.0">
							<lines>
								<line number="39" hits="0" branch="false"/>
							</lines>
						</method>
						<method name="getUdev" signature="()Lorg/anarres/udev/Udev;" line-rate="0.0" branch-rate="1.0">
							<lines>
								<line number="44" hits="0" branch="false"/>
							</lines>
						</method>
						<method name="iterator" signature="()Ljava/util/Iterator;" line-rate="1.0" branch-rate="1.0">
							<lines>
								<line number="158" hits="2" branch="false"/>
							</lines>
						</method>
						<method name="toList" signature="()Ljava/util/List;" line-rate="1.0" branch-rate="1.0">
							<lines>
								<line number="143" hits="2" branch="false"/>
								<line number="144" hits="2" branch="false"/>
								<line number="146" hits="2" branch="true" condition-coverage="100% (2/2)">
									<conditions>
										<condition number="0" type="jump" coverage="100%"/>
									</conditions>
								</line>
								<line number="147" hits="1" branch="false"/>
								<line number="148" hits="2" branch="false"/>
								<line number="149" hits="2" branch="false"/>
								<line number="150" hits="2" branch="false"/>
								<line number="152" hits="2" branch="false"/>
							</lines>
						</method>
						<method name="withMatch" signature="(Lorg/anarres/udev/UdevEnumeration$Match;)Lorg/anarres/udev/UdevEnumeration;" line-rate="1.0" branch-rate="1.0">
							<lines>
								<line number="49" hits="1" branch="false"/>
								<line number="50" hits="1" branch="false"/>
							</lines>
						</method>
						<method name="withMatchProperty" signature="(Ljava/lang/String;Ljava/lang/String;)Lorg/anarres/udev/UdevEnumeration;" line-rate="0.0" branch-rate="1.0">
							<lines>
								<line number="55" hits="0" branch="false"/>
							</lines>
						</method>
						<method name="withMatchProperty" signature="(Lorg/anarres/udev/UdevProperty;Ljava/lang/String;)Lorg/anarres/udev/UdevEnumeration;" line-rate="0.0" branch-rate="1.0">
							<lines>
								<line number="66" hits="0" branch="false"/>
							</lines>
						</method>
						<method name="withMatchSubsystem" signature="(Ljava/lang/String;)Lorg/anarres/udev/UdevEnumeration;" line-rate="1.0" branch-rate="1.0">
							<lines>
								<line number="71" hits="1" branch="false"/>
							</lines>
						</method>
						<method name="withMatchSubsystem" signature="(Lorg/anarres/udev/UdevSubsystem;)Lorg/anarres/udev/UdevEnumeration;" line-rate="0.0" branch-rate="1.0">
							<lines>
								<line number="82" hits="0" branch="false"/>
							</lines>
						</method>
						<method name="withMatchSysattr" signature="(Ljava/lang/String;Ljava/lang/String;)Lorg/anarres/udev/UdevEnumeration;" line-rate="0.0" branch-rate="1.0">
							<lines>
								<line number="87" hits="0" branch="false"/>
							</lines>
						</method>
						<method name="withMatchSysname" signature="(Ljava/lang/String;)Lorg/anarres/udev/UdevEnumeration;" line-rate="0.0" branch-rate="1.0">
							<lines>
								<line number="97" hits="0" branch="false"/>
							</lines>
						</method>
						<method name="withMatchTag" signature="(Ljava/lang/String;)Lorg/anarres/udev/UdevEnumeration;" line-rate="0.0" branch-rate="1.0">
							<lines>
								<line number="107" hits="0" branch="false"/>
							</lines>
						</method>
						<method name="withNoMatchSubsystem" signature="(Ljava/lang/String;)Lorg/anarres/udev/UdevEnumeration;" line-rate="0.0" branch-rate="1.0">
							<lines>
								<line number="117" hits="0" branch="false"/>
							</lines>
						</method>
						<method name="withNoMatchSubsystem" signature="(Lorg/anarres/udev/UdevSubsystem;)Lorg/anarres/udev/UdevEnumeration;" line-rate="0.0" branch-rate="1.0">
							<lines>
								<line number="128" hits="0" branch="false"/>
							</lines>
						</method>
						<method name="withNoMatchSysattr" signature="(Ljava/lang/String;Ljava/lang/String;)Lorg/anarres/udev/UdevEnumeration;" line-rate="0.0" branch-rate="1.0">
							<lines>
								<line number="133" hits="0" branch="false"/>
							</lines>
						</method>
					</methods>
					<lines>
						<line number="31" hits="2" branch="false"/>
						<line number="33" hits="2" branch="false"/>
						<line number="34" hits="2" branch="false"/>
						<line number="35" hits="2" branch="false"/>
						<line number="39" hits="0" branch="false"/>
						<line number="44" hits="0" branch="false"/>
						<line number="49" hits="1" branch="false"/>
						<line number="50" hits="1" branch="false"/>
						<line number="55" hits="0" branch="false"/>
						<line number="66" hits="0" branch="false"/>
						<line number="71" hits="1" branch="false"/>
						<line number="82" hits="0" branch="false"/>
						<line number="87" hits="0" branch="false"/>
						<line number="97" hits="0" branch="false"/>
						<line number="107" hits="0" branch="false"/>
						<line number="117" hits="0" branch="false"/>
						<line number="128" hits="0" branch="false"/>
						<line number="133" hits="0" branch="false"/>
						<line number="143" hits="2" branch="false"/>
						<line number="144" hits="2" branch="false"/>
						<line number="146" hits="2" branch="true" condition-coverage="100% (2/2)">
							<conditions>
								<condition number="0" type="jump" coverage="100%"/>
							</conditions>
						</line>
						<line number="147" hits="1" branch="false"/>
						<line number="148" hits="2" branch="false"/>
						<line number="149" hits="2" branch="false"/>
						<line number="150" hits="2" branch="false"/>
						<line number="152" hits="2" branch="false"/>
						<line number="158" hits="2" branch="false"/>
					</lines>
				</class>
				<class name="org.anarres.udev.UdevEnumeration$1" filename="org/anarres/udev/UdevEnumeration.java" line-rate="0.0" branch-rate="1.0" complexity="1.0833333333333333">
					<methods>
						<method name="&lt;init&gt;" signature="(Lorg/anarres/udev/UdevEnumeration;Ljava/lang/String;Ljava/lang/String;)V" line-rate="0.0" branch-rate="1.0">
							<lines>
								<line number="55" hits="0" branch="false"/>
							</lines>
						</method>
						<method name="apply" signature="(Lorg/anarres/udev/generated/UdevLibrary;Lorg/anarres/udev/generated/UdevLibrary$udev_enumerate;)V" line-rate="0.0" branch-rate="1.0">
							<lines>
								<line number="58" hits="0" branch="false"/>
								<line number="59" hits="0" branch="false"/>
							</lines>
						</method>
					</methods>
					<lines>
						<line number="55" hits="0" branch="false"/>
						<line number="58" hits="0" branch="false"/>
						<line number="59" hits="0" branch="false"/>
					</lines>
				</class>
				<class name="org.anarres.udev.UdevEnumeration$2" filename="org/anarres/udev/UdevEnumeration.java" line-rate="1.0" branch-rate="1.0" complexity="1.0833333333333333">
					<methods>
						<method name="&lt;init&gt;" signature="(Lorg/anarres/udev/UdevEnumeration;Ljava/lang/String;)V" line-rate="1.0" branch-rate="1.0">
							<lines>
								<line number="71" hits="1" branch="false"/>
							</lines>
						</method>
						<method name="apply" signature="(Lorg/anarres/udev/generated/UdevLibrary;Lorg/anarres/udev/generated/UdevLibrary$udev_enumerate;)V" line-rate="1.0" branch-rate="1.0">
							<lines>
								<line number="74" hits="1" branch="false"/>
								<line number="75" hits="1" branch="false"/>
							</lines>
						</method>
					</methods>
					<lines>
						<line number="71" hits="1" branch="false"/>
						<line number="74" hits="1" branch="false"/>
						<line number="75" hits="1" branch="false"/>
					</lines>
				</class>
				<class name="org.anarres.udev.UdevEnumeration$3" filename="org/anarres/udev/UdevEnumeration.java" line-rate="0.0" branch-rate="1.0" complexity="1.0833333333333333">
					<methods>
						<method name="&lt;init&gt;" signature="(Lorg/anarres/udev/UdevEnumeration;Ljava/lang/String;Ljava/lang/String;)V" line-rate="0.0" branch-rate="1.0">
							<lines>
								<line number="87" hits="0" branch="false"/>
							</lines>
						</method>
						<method name="apply" signature="(Lorg/anarres/udev/generated/UdevLibrary;Lorg/anarres/udev/generated/UdevLibrary$udev_enumerate;)V" line-rate="0.0" branch-rate="1.0">
							<lines>
								<line number="90" hits="0" branch="false"/>
								<line number="91" hits="0" branch="false"/>
							</lines>
						</method>
					</methods>
					<lines>
						<line number="87" hits="0" branch="false"/>
						<line number="90" hits="0" branch="false"/>
						<line number="91" hits="0" branch="false"/>
					</lines>
				</class>
				<class name="org.anarres.udev.UdevEnumeration$4" filename="org/anarres/udev/UdevEnumeration.java" line-rate="0.0" branch-rate="1.0" complexity="1.0833333333333333">
					<methods>
						<method name="&lt;init&gt;" signature="(Lorg/anarres/udev/UdevEnumeration;Ljava/lang/String;)V" line-rate="0.0" branch-rate="1.0">
							<lines>
								<line number="97" hits="0" branch="false"/>
							</lines>
						</method>
						<method name="apply" signature="(Lorg/anarres/udev/generated/UdevLibrary;Lorg/anarres/udev/generated/UdevLibrary$udev_enumerate;)V" line-rate="0.0" branch-rate="1.0">
							<lines>
								<line number="100" hits="0" branch="false"/>
								<line number="101" hits="0" branch="false"/>
							</lines>
						</method>
					</methods>
					<lines>
						<line number="97" hits="0" branch="false"/>
						<line number="100" hits="0" branch="false"/>
						<line number="101" hits="0" branch="false"/>
					</lines>
				</class>
				<class name="org.anarres.udev.UdevEnumeration$5" filename="org/anarres/udev/UdevEnumeration.java" line-rate="0.0" branch-rate="1.0" complexity="1.0833333333333333">
					<methods>
						<method name="&lt;init&gt;" signature="(Lorg/anarres/udev/UdevEnumeration;Ljava/lang/String;)V" line-rate="0.0" branch-rate="1.0">
							<lines>
								<line number="107" hits="0" branch="false"/>
							</lines>
						</method>
						<method name="apply" signature="(Lorg/anarres/udev/generated/UdevLibrary;Lorg/anarres/udev/generated/UdevLibrary$udev_enumerate;)V" line-rate="0.0" branch-rate="1.0">
							<lines>
								<line number="110" hits="0" branch="false"/>
								<line number="111" hits="0" branch="false"/>
							</lines>
						</method>
					</methods>
					<lines>
						<line number="107" hits="0" branch="false"/>
						<line number="110" hits="0" branch="false"/>
						<line number="111" hits="0" branch="false"/>
					</lines>
				</class>
				<class name="org.anarres.udev.UdevEnumeration$6" filename="org/anarres/udev/UdevEnumeration.java" line-rate="0.0" branch-rate="1.0" complexity="1.0833333333333333">
					<methods>
						<method name="&lt;init&gt;" signature="(Lorg/anarres/udev/UdevEnumeration;Ljava/lang/String;)V" line-rate="0.0" branch-rate="1.0">
							<lines>
								<line number="117" hits="0" branch="false"/>
							</lines>
						</method>
						<method name="apply" signature="(Lorg/anarres/udev/generated/UdevLibrary;Lorg/anarres/udev/generated/UdevLibrary$udev_enumerate;)V" line-rate="0.0" branch-rate="1.0">
							<lines>
								<line number="120" hits="0" branch="false"/>
								<line number="121" hits="0" branch="false"/>
							</lines>
						</method>
					</methods>
					<lines>
						<line number="117" hits="0" branch="false"/>
						<line number="120" hits="0" branch="false"/>
						<line number="121" hits="0" branch="false"/>
					</lines>
				</class>
				<class name="org.anarres.udev.UdevEnumeration$7" filename="org/anarres/udev/UdevEnumeration.java" line-rate="0.0" branch-rate="1.0" complexity="1.0833333333333333">
					<methods>
						<method name="&lt;init&gt;" signature="(Lorg/anarres/udev/UdevEnumeration;Ljava/lang/String;Ljava/lang/String;)V" line-rate="0.0" branch-rate="1.0">
							<lines>
								<line number="133" hits="0" branch="false"/>
							</lines>
						</method>
						<method name="apply" signature="(Lorg/anarres/udev/generated/UdevLibrary;Lorg/anarres/udev/generated/UdevLibrary$udev_enumerate;)V" line-rate="0.0" branch-rate="1.0">
							<lines>
								<line number="136" hits="0" branch="false"/>
								<line number="137" hits="0" branch="false"/>
							</lines>
						</method>
					</methods>
					<lines>
						<line number="133" hits="0" branch="false"/>
						<line number="136" hits="0" branch="false"/>
						<line number="137" hits="0" branch="false"/>
					</lines>
				</class>
				<class name="org.anarres.udev.UdevEnumeration$Match" filename="org/anarres/udev/UdevEnumeration.java" line-rate="1.0" branch-rate="1.0" complexity="1.0833333333333333">
					<methods>
					</methods>
					<lines>
					</lines>
				</class>
				<class name="org.anarres.udev.UdevIterator" filename="org/anarres/udev/UdevIterator.java" line-rate="0.8636363636363636" branch-rate="0.9" complexity="2.142857142857143">
					<methods>
						<method name="&lt;init&gt;" signature="(Lorg/anarres/udev/generated/UdevLibrary;Lorg/anarres/udev/generated/UdevLibrary$udev_list_entry;)V" line-rate="1.0" branch-rate="1.0">
							<lines>
								<line number="28" hits="2394" branch="false"/>
								<line number="29" hits="2394" branch="false"/>
								<line number="30" hits="2394" branch="false"/>
								<line number="31" hits="2394" branch="false"/>
								<line number="32" hits="2394" branch="false"/>
							</lines>
						</method>
						<method name="getLibrary" signature="()Lorg/anarres/udev/generated/UdevLibrary;" line-rate="0.0" branch-rate="1.0">
							<lines>
								<line number="35" hits="0" branch="false"/>
							</lines>
						</method>
						<method name="hasNext" signature="()Z" line-rate="1.0" branch-rate="1.0">
							<lines>
								<line number="40" hits="12375" branch="true" condition-coverage="100% (2/2)">
									<conditions>
										<condition number="0" type="jump" coverage="100%"/>
									</conditions>
								</line>
								<line number="41" hits="1159" branch="false"/>
								<line number="42" hits="11216" branch="true" condition-coverage="100% (2/2)">
									<conditions>
										<condition number="0" type="jump" coverage="100%"/>
									</conditions>
								</line>
								<line number="43" hits="1235" branch="false"/>
								<line number="44" hits="9981" branch="false"/>
								<line number="45" hits="9981" branch="false"/>
								<line number="46" hits="9981" branch="true" condition-coverage="100% (2/2)">
									<conditions>
										<condition number="0" type="jump" coverage="100%"/>
									</conditions>
								</line>
							</lines>
						</method>
						<method name="next" signature="()Ljava/lang/Object;" line-rate="0.75" branch-rate="0.5">
							<lines>
								<line number="53" hits="9981" branch="true" condition-coverage="50% (1/2)">
									<conditions>
										<condition number="0" type="jump" coverage="50%"/>
									</conditions>
								</line>
								<line number="54" hits="0" branch="false"/>
								<line number="55" hits="9981" branch="false"/>
								<line number="56" hits="9981" branch="false"/>
							</lines>
						</method>
						<method name="remove" signature="()V" line-rate="0.0" branch-rate="1.0">
							<lines>
								<line number="61" hits="0" branch="false"/>
							</lines>
						</method>
						<method name="toList" signature="()Ljava/util/List;" line-rate="1.0" branch-rate="1.0">
							<lines>
								<line number="66" hits="1198" branch="false"/>
								<line number="67" hits="6549" branch="true" condition-coverage="100% (2/2)">
									<conditions>
										<condition number="0" type="jump" coverage="100%"/>
									</conditions>
								</line>
								<line number="68" hits="5351" branch="false"/>
								<line number="69" hits="1198" branch="false"/>
							</lines>
						</method>
					</methods>
					<lines>
						<line number="28" hits="2394" branch="false"/>
						<line number="29" hits="2394" branch="false"/>
						<line number="30" hits="2394" branch="false"/>
						<line number="31" hits="2394" branch="false"/>
						<line number="32" hits="2394" branch="false"/>
						<line number="35" hits="0" branch="false"/>
						<line number="40" hits="12375" branch="true" condition-coverage="100% (2/2)">
							<conditions>
								<condition number="0" type="jump" coverage="100%"/>
							</conditions>
						</line>
						<line number="41" hits="1159" branch="false"/>
						<line number="42" hits="11216" branch="true" condition-coverage="100% (2/2)">
							<conditions>
								<condition number="0" type="jump" coverage="100%"/>
							</conditions>
						</line>
						<line number="43" hits="1235" branch="false"/>
						<line number="44" hits="9981" branch="false"/>
						<line number="45" hits="9981" branch="false"/>
						<line number="46" hits="9981" branch="true" condition-coverage="100% (2/2)">
							<conditions>
								<condition number="0" type="jump" coverage="100%"/>
							</conditions>
						</line>
						<line number="53" hits="9981" branch="true" condition-coverage="50% (1/2)">
							<conditions>
								<condition number="0" type="jump" coverage="50%"/>
							</conditions>
						</line>
						<line number="54" hits="0" branch="false"/>
						<line number="55" hits="9981" branch="false"/>
						<line number="56" hits="9981" branch="false"/>
						<line number="61" hits="0" branch="false"/>
						<line number="66" hits="1198" branch="false"/>
						<line number="67" hits="6549" branch="true" condition-coverage="100% (2/2)">
							<conditions>
								<condition number="0" type="jump" coverage="100%"/>
							</conditions>
						</line>
						<line number="68" hits="5351" branch="false"/>
						<line number="69" hits="1198" branch="false"/>
					</lines>
				</class>
				<class name="org.anarres.udev.UdevIterator$State" filename="org/anarres/udev/UdevIterator.java" line-rate="1.0" branch-rate="1.0" complexity="2.142857142857143">
					<methods>
						<method name="&lt;clinit&gt;" signature="()V" line-rate="1.0" branch-rate="1.0">
							<lines>
								<line number="20" hits="4" branch="false"/>
								<line number="22" hits="1" branch="false"/>
							</lines>
						</method>
						<method name="&lt;init&gt;" signature="(Ljava/lang/String;I)V" line-rate="1.0" branch-rate="1.0">
							<lines>
							</lines>
						</method>
						<method name="valueOf" signature="(Ljava/lang/String;)Lorg/anarres/udev/UdevIterator$State;" line-rate="1.0" branch-rate="1.0">
							<lines>
							</lines>
						</method>
						<method name="values" signature="()[Lorg/anarres/udev/UdevIterator$State;" line-rate="1.0" branch-rate="1.0">
							<lines>
							</lines>
						</method>
					</methods>
					<lines>
						<line number="20" hits="4" branch="false"/>
						<line number="22" hits="1" branch="false"/>
					</lines>
				</class>
				<class name="org.anarres.udev.UdevListEntry" filename="org/anarres/udev/UdevListEntry.java" line-rate="1.0" branch-rate="1.0" complexity="1.0">
					<methods>
						<method name="&lt;init&gt;" signature="(Ljava/lang/String;Ljava/lang/String;)V" line-rate="1.0" branch-rate="1.0">
							<lines>
								<line number="17" hits="4630" branch="false"/>
								<line number="18" hits="4630" branch="false"/>
							</lines>
						</method>
					</methods>
					<lines>
						<line number="17" hits="4630" branch="false"/>
						<line number="18" hits="4630" branch="false"/>
					</lines>
				</class>
				<class name="org.anarres.udev.UdevProperty" filename="org/anarres/udev/UdevProperty.java" line-rate="0.0" branch-rate="1.0" complexity="0.0">
					<methods>
						<method name="&lt;clinit&gt;" signature="()V" line-rate="0.0" branch-rate="1.0">
							<lines>
								<line number="8" hits="0" branch="false"/>
								<line number="10" hits="0" branch="false"/>
								<line number="11" hits="0" branch="false"/>
								<line number="12" hits="0" branch="false"/>
								<line number="13" hits="0" branch="false"/>
								<line number="14" hits="0" branch="false"/>
								<line number="15" hits="0" branch="false"/>
								<line number="16" hits="0" branch="false"/>
								<line number="17" hits="0" branch="false"/>
								<line number="18" hits="0" branch="false"/>
								<line number="19" hits="0" branch="false"/>
								<line number="20" hits="0" branch="false"/>
								<line number="21" hits="0" branch="false"/>
								<line number="22" hits="0" branch="false"/>
								<line number="23" hits="0" branch="false"/>
								<line number="24" hits="0" branch="false"/>
								<line number="25" hits="0" branch="false"/>
								<line number="26" hits="0" branch="false"/>
								<line number="27" hits="0" branch="false"/>
								<line number="28" hits="0" branch="false"/>
								<line number="29" hits="0" branch="false"/>
								<line number="30" hits="0" branch="false"/>
								<line number="31" hits="0" branch="false"/>
								<line number="32" hits="0" branch="false"/>
								<line number="33" hits="0" branch="false"/>
								<line number="34" hits="0" branch="false"/>
								<line number="35" hits="0" branch="false"/>
								<line number="36" hits="0" branch="false"/>
								<line number="37" hits="0" branch="false"/>
								<line number="38" hits="0" branch="false"/>
								<line number="39" hits="0" branch="false"/>
								<line number="40" hits="0" branch="false"/>
								<line number="41" hits="0" branch="false"/>
								<line number="42" hits="0" branch="false"/>
								<line number="43" hits="0" branch="false"/>
								<line number="44" hits="0" branch="false"/>
								<line number="45" hits="0" branch="false"/>
								<line number="46" hits="0" branch="false"/>
								<line number="47" hits="0" branch="false"/>
								<line number="48" hits="0" branch="false"/>
								<line number="49" hits="0" branch="false"/>
								<line number="50" hits="0" branch="false"/>
								<line number="51" hits="0" branch="false"/>
								<line number="52" hits="0" branch="false"/>
								<line number="53" hits="0" branch="false"/>
								<line number="54" hits="0" branch="false"/>
								<line number="55" hits="0" branch="false"/>
								<line number="56" hits="0" branch="false"/>
								<line number="57" hits="0" branch="false"/>
								<line number="58" hits="0" branch="false"/>
								<line number="59" hits="0" branch="false"/>
								<line number="60" hits="0" branch="false"/>
								<line number="61" hits="0" branch="false"/>
								<line number="62" hits="0" branch="false"/>
								<line number="63" hits="0" branch="false"/>
								<line number="64" hits="0" branch="false"/>
								<line number="65" hits="0" branch="false"/>
								<line number="66" hits="0" branch="false"/>
								<line number="67" hits="0" branch="false"/>
								<line number="68" hits="0" branch="false"/>
								<line number="69" hits="0" branch="false"/>
								<line number="70" hits="0" branch="false"/>
								<line number="71" hits="0" branch="false"/>
								<line number="72" hits="0" branch="false"/>
								<line number="73" hits="0" branch="false"/>
								<line number="74" hits="0" branch="false"/>
								<line number="75" hits="0" branch="false"/>
								<line number="76" hits="0" branch="false"/>
								<line number="77" hits="0" branch="false"/>
								<line number="78" hits="0" branch="false"/>
								<line number="79" hits="0" branch="false"/>
								<line number="80" hits="0" branch="false"/>
								<line number="81" hits="0" branch="false"/>
								<line number="82" hits="0" branch="false"/>
								<line number="83" hits="0" branch="false"/>
								<line number="84" hits="0" branch="false"/>
								<line number="85" hits="0" branch="false"/>
								<line number="86" hits="0" branch="false"/>
								<line number="87" hits="0" branch="false"/>
								<line number="88" hits="0" branch="false"/>
								<line number="89" hits="0" branch="false"/>
								<line number="90" hits="0" branch="false"/>
								<line number="91" hits="0" branch="false"/>
								<line number="92" hits="0" branch="false"/>
								<line number="93" hits="0" branch="false"/>
								<line number="94" hits="0" branch="false"/>
								<line number="95" hits="0" branch="false"/>
								<line number="96" hits="0" branch="false"/>
								<line number="97" hits="0" branch="false"/>
								<line number="98" hits="0" branch="false"/>
								<line number="99" hits="0" branch="false"/>
								<line number="100" hits="0" branch="false"/>
								<line number="101" hits="0" branch="false"/>
								<line number="102" hits="0" branch="false"/>
								<line number="103" hits="0" branch="false"/>
								<line number="104" hits="0" branch="false"/>
								<line number="105" hits="0" branch="false"/>
								<line number="106" hits="0" branch="false"/>
								<line number="107" hits="0" branch="false"/>
								<line number="108" hits="0" branch="false"/>
								<line number="109" hits="0" branch="false"/>
								<line number="110" hits="0" branch="false"/>
								<line number="111" hits="0" branch="false"/>
								<line number="112" hits="0" branch="false"/>
								<line number="113" hits="0" branch="false"/>
								<line number="114" hits="0" branch="false"/>
								<line number="115" hits="0" branch="false"/>
								<line number="116" hits="0" branch="false"/>
								<line number="117" hits="0" branch="false"/>
								<line number="118" hits="0" branch="false"/>
								<line number="119" hits="0" branch="false"/>
								<line number="120" hits="0" branch="false"/>
								<line number="121" hits="0" branch="false"/>
								<line number="122" hits="0" branch="false"/>
								<line number="123" hits="0" branch="false"/>
								<line number="124" hits="0" branch="false"/>
								<line number="125" hits="0" branch="false"/>
								<line number="126" hits="0" branch="false"/>
								<line number="127" hits="0" branch="false"/>
								<line number="128" hits="0" branch="false"/>
								<line number="129" hits="0" branch="false"/>
								<line number="130" hits="0" branch="false"/>
								<line number="131" hits="0" branch="false"/>
								<line number="132" hits="0" branch="false"/>
								<line number="133" hits="0" branch="false"/>
								<line number="134" hits="0" branch="false"/>
								<line number="135" hits="0" branch="false"/>
								<line number="136" hits="0" branch="false"/>
								<line number="137" hits="0" branch="false"/>
								<line number="138" hits="0" branch="false"/>
								<line number="139" hits="0" branch="false"/>
								<line number="140" hits="0" branch="false"/>
								<line number="141" hits="0" branch="false"/>
								<line number="142" hits="0" branch="false"/>
								<line number="143" hits="0" branch="false"/>
								<line number="144" hits="0" branch="false"/>
								<line number="145" hits="0" branch="false"/>
								<line number="146" hits="0" branch="false"/>
								<line number="147" hits="0" branch="false"/>
								<line number="148" hits="0" branch="false"/>
								<line number="149" hits="0" branch="false"/>
								<line number="150" hits="0" branch="false"/>
								<line number="151" hits="0" branch="false"/>
								<line number="152" hits="0" branch="false"/>
								<line number="153" hits="0" branch="false"/>
								<line number="154" hits="0" branch="false"/>
								<line number="155" hits="0" branch="false"/>
							</lines>
						</method>
						<method name="&lt;init&gt;" signature="(Ljava/lang/String;I)V" line-rate="0.0" branch-rate="1.0">
							<lines>
								<line number="162" hits="0" branch="false"/>
							</lines>
						</method>
						<method name="valueOf" signature="(Ljava/lang/String;)Lorg/anarres/udev/UdevProperty;" line-rate="1.0" branch-rate="1.0">
							<lines>
							</lines>
						</method>
						<method name="values" signature="()[Lorg/anarres/udev/UdevProperty;" line-rate="1.0" branch-rate="1.0">
							<lines>
							</lines>
						</method>
					</methods>
					<lines>
						<line number="8" hits="0" branch="false"/>
						<line number="10" hits="0" branch="false"/>
						<line number="11" hits="0" branch="false"/>
						<line number="12" hits="0" branch="false"/>
						<line number="13" hits="0" branch="false"/>
						<line number="14" hits="0" branch="false"/>
						<line number="15" hits="0" branch="false"/>
						<line number="16" hits="0" branch="false"/>
						<line number="17" hits="0" branch="false"/>
						<line number="18" hits="0" branch="false"/>
						<line number="19" hits="0" branch="false"/>
						<line number="20" hits="0" branch="false"/>
						<line number="21" hits="0" branch="false"/>
						<line number="22" hits="0" branch="false"/>
						<line number="23" hits="0" branch="false"/>
						<line number="24" hits="0" branch="false"/>
						<line number="25" hits="0" branch="false"/>
						<line number="26" hits="0" branch="false"/>
						<line number="27" hits="0" branch="false"/>
						<line number="28" hits="0" branch="false"/>
						<line number="29" hits="0" branch="false"/>
						<line number="30" hits="0" branch="false"/>
						<line number="31" hits="0" branch="false"/>
						<line number="32" hits="0" branch="false"/>
						<line number="33" hits="0" branch="false"/>
						<line number="34" hits="0" branch="false"/>
						<line number="35" hits="0" branch="false"/>
						<line number="36" hits="0" branch="false"/>
						<line number="37" hits="0" branch="false"/>
						<line number="38" hits="0" branch="false"/>
						<line number="39" hits="0" branch="false"/>
						<line number="40" hits="0" branch="false"/>
						<line number="41" hits="0" branch="false"/>
						<line number="42" hits="0" branch="false"/>
						<line number="43" hits="0" branch="false"/>
						<line number="44" hits="0" branch="false"/>
						<line number="45" hits="0" branch="false"/>
						<line number="46" hits="0" branch="false"/>
						<line number="47" hits="0" branch="false"/>
						<line number="48" hits="0" branch="false"/>
						<line number="49" hits="0" branch="false"/>
						<line number="50" hits="0" branch="false"/>
						<line number="51" hits="0" branch="false"/>
						<line number="52" hits="0" branch="false"/>
						<line number="53" hits="0" branch="false"/>
						<line number="54" hits="0" branch="false"/>
						<line number="55" hits="0" branch="false"/>
						<line number="56" hits="0" branch="false"/>
						<line number="57" hits="0" branch="false"/>
						<line number="58" hits="0" branch="false"/>
						<line number="59" hits="0" branch="false"/>
						<line number="60" hits="0" branch="false"/>
						<line number="61" hits="0" branch="false"/>
						<line number="62" hits="0" branch="false"/>
						<line number="63" hits="0" branch="false"/>
						<line number="64" hits="0" branch="false"/>
						<line number="65" hits="0" branch="false"/>
						<line number="66" hits="0" branch="false"/>
						<line number="67" hits="0" branch="false"/>
						<line number="68" hits="0" branch="false"/>
						<line number="69" hits="0" branch="false"/>
						<line number="70" hits="0" branch="false"/>
						<line number="71" hits="0" branch="false"/>
						<line number="72" hits="0" branch="false"/>
						<line number="73" hits="0" branch="false"/>
						<line number="74" hits="0" branch="false"/>
						<line number="75" hits="0" branch="false"/>
						<line number="76" hits="0" branch="false"/>
						<line number="77" hits="0" branch="false"/>
						<line number="78" hits="0" branch="false"/>
						<line number="79" hits="0" branch="false"/>
						<line number="80" hits="0" branch="false"/>
						<line number="81" hits="0" branch="false"/>
						<line number="82" hits="0" branch="false"/>
						<line number="83" hits="0" branch="false"/>
						<line number="84" hits="0" branch="false"/>
						<line number="85" hits="0" branch="false"/>
						<line number="86" hits="0" branch="false"/>
						<line number="87" hits="0" branch="false"/>
						<line number="88" hits="0" branch="false"/>
						<line number="89" hits="0" branch="false"/>
						<line number="90" hits="0" branch="false"/>
						<line number="91" hits="0" branch="false"/>
						<line number="92" hits="0" branch="false"/>
						<line number="93" hits="0" branch="false"/>
						<line number="94" hits="0" branch="false"/>
						<line number="95" hits="0" branch="false"/>
						<line number="96" hits="0" branch="false"/>
						<line number="97" hits="0" branch="false"/>
						<line number="98" hits="0" branch="false"/>
						<line number="99" hits="0" branch="false"/>
						<line number="100" hits="0" branch="false"/>
						<line number="101" hits="0" branch="false"/>
						<line number="102" hits="0" branch="false"/>
						<line number="103" hits="0" branch="false"/>
						<line number="104" hits="0" branch="false"/>
						<line number="105" hits="0" branch="false"/>
						<line number="106" hits="0" branch="false"/>
						<line number="107" hits="0" branch="false"/>
						<line number="108" hits="0" branch="false"/>
						<line number="109" hits="0" branch="false"/>
						<line number="110" hits="0" branch="false"/>
						<line number="111" hits="0" branch="false"/>
						<line number="112" hits="0" branch="false"/>
						<line number="113" hits="0" branch="false"/>
						<line number="114" hits="0" branch="false"/>
						<line number="115" hits="0" branch="false"/>
						<line number="116" hits="0" branch="false"/>
						<line number="117" hits="0" branch="false"/>
						<line number="118" hits="0" branch="false"/>
						<line number="119" hits="0" branch="false"/>
						<line number="120" hits="0" branch="false"/>
						<line number="121" hits="0" branch="false"/>
						<line number="122" hits="0" branch="false"/>
						<line number="123" hits="0" branch="false"/>
						<line number="124" hits="0" branch="false"/>
						<line number="125" hits="0" branch="false"/>
						<line number="126" hits="0" branch="false"/>
						<line number="127" hits="0" branch="false"/>
						<line number="128" hits="0" branch="false"/>
						<line number="129" hits="0" branch="false"/>
						<line number="130" hits="0" branch="false"/>
						<line number="131" hits="0" branch="false"/>
						<line number="132" hits="0" branch="false"/>
						<line number="133" hits="0" branch="false"/>
						<line number="134" hits="0" branch="false"/>
						<line number="135" hits="0" branch="false"/>
						<line number="136" hits="0" branch="false"/>
						<line number="137" hits="0" branch="false"/>
						<line number="138" hits="0" branch="false"/>
						<line number="139" hits="0" branch="false"/>
						<line number="140" hits="0" branch="false"/>
						<line number="141" hits="0" branch="false"/>
						<line number="142" hits="0" branch="false"/>
						<line number="143" hits="0" branch="false"/>
						<line number="144" hits="0" branch="false"/>
						<line number="145" hits="0" branch="false"/>
						<line number="146" hits="0" branch="false"/>
						<line number="147" hits="0" branch="false"/>
						<line number="148" hits="0" branch="false"/>
						<line number="149" hits="0" branch="false"/>
						<line number="150" hits="0" branch="false"/>
						<line number="151" hits="0" branch="false"/>
						<line number="152" hits="0" branch="false"/>
						<line number="153" hits="0" branch="false"/>
						<line number="154" hits="0" branch="false"/>
						<line number="155" hits="0" branch="false"/>
						<line number="162" hits="0" branch="false"/>
					</lines>
				</class>
				<class name="org.anarres.udev.UdevProperty$DEVTYPE" filename="org/anarres/udev/UdevProperty.java" line-rate="0.0" branch-rate="1.0" complexity="0.0">
					<methods>
						<method name="&lt;clinit&gt;" signature="()V" line-rate="0.0" branch-rate="1.0">
							<lines>
								<line number="162" hits="0" branch="false"/>
								<line number="164" hits="0" branch="false"/>
								<line number="165" hits="0" branch="false"/>
								<line number="166" hits="0" branch="false"/>
								<line number="167" hits="0" branch="false"/>
								<line number="168" hits="0" branch="false"/>
								<line number="169" hits="0" branch="false"/>
								<line number="170" hits="0" branch="false"/>
								<line number="171" hits="0" branch="false"/>
								<line number="172" hits="0" branch="false"/>
								<line number="173" hits="0" branch="false"/>
								<line number="174" hits="0" branch="false"/>
								<line number="175" hits="0" branch="false"/>
								<line number="176" hits="0" branch="false"/>
							</lines>
						</method>
						<method name="&lt;init&gt;" signature="(Ljava/lang/String;I)V" line-rate="1.0" branch-rate="1.0">
							<lines>
							</lines>
						</method>
						<method name="valueOf" signature="(Ljava/lang/String;)Lorg/anarres/udev/UdevProperty$DEVTYPE;" line-rate="1.0" branch-rate="1.0">
							<lines>
							</lines>
						</method>
						<method name="values" signature="()[Lorg/anarres/udev/UdevProperty$DEVTYPE;" line-rate="1.0" branch-rate="1.0">
							<lines>
							</lines>
						</method>
					</methods>
					<lines>
						<line number="162" hits="0" branch="false"/>
						<line number="164" hits="0" branch="false"/>
						<line number="165" hits="0" branch="false"/>
						<line number="166" hits="0" branch="false"/>
						<line number="167" hits="0" branch="false"/>
						<line number="168" hits="0" branch="false"/>
						<line number="169" hits="0" branch="false"/>
						<line number="170" hits="0" branch="false"/>
						<line number="171" hits="0" branch="false"/>
						<line number="172" hits="0" branch="false"/>
						<line number="173" hits="0" branch="false"/>
						<line number="174" hits="0" branch="false"/>
						<line number="175" hits="0" branch="false"/>
						<line number="176" hits="0" branch="false"/>
					</lines>
				</class>
				<class name="org.anarres.udev.UdevSubsystem" filename="org/anarres/udev/UdevSubsystem.java" line-rate="0.0" branch-rate="1.0" complexity="0.0">
					<methods>
						<method name="&lt;clinit&gt;" signature="()V" line-rate="0.0" branch-rate="1.0">
							<lines>
								<line number="8" hits="0" branch="false"/>
								<line number="10" hits="0" branch="false"/>
								<line number="11" hits="0" branch="false"/>
								<line number="12" hits="0" branch="false"/>
								<line number="13" hits="0" branch="false"/>
								<line number="14" hits="0" branch="false"/>
								<line number="15" hits="0" branch="false"/>
								<line number="16" hits="0" branch="false"/>
								<line number="17" hits="0" branch="false"/>
								<line number="18" hits="0" branch="false"/>
								<line number="19" hits="0" branch="false"/>
								<line number="20" hits="0" branch="false"/>
								<line number="21" hits="0" branch="false"/>
								<line number="22" hits="0" branch="false"/>
								<line number="23" hits="0" branch="false"/>
								<line number="24" hits="0" branch="false"/>
								<line number="25" hits="0" branch="false"/>
								<line number="26" hits="0" branch="false"/>
								<line number="27" hits="0" branch="false"/>
								<line number="28" hits="0" branch="false"/>
								<line number="29" hits="0" branch="false"/>
								<line number="30" hits="0" branch="false"/>
								<line number="31" hits="0" branch="false"/>
								<line number="32" hits="0" branch="false"/>
								<line number="33" hits="0" branch="false"/>
								<line number="34" hits="0" branch="false"/>
								<line number="35" hits="0" branch="false"/>
								<line number="36" hits="0" branch="false"/>
								<line number="37" hits="0" branch="false"/>
								<line number="38" hits="0" branch="false"/>
								<line number="39" hits="0" branch="false"/>
								<line number="40" hits="0" branch="false"/>
								<line number="41" hits="0" branch="false"/>
								<line number="42" hits="0" branch="false"/>
								<line number="43" hits="0" branch="false"/>
								<line number="44" hits="0" branch="false"/>
								<line number="45" hits="0" branch="false"/>
								<line number="46" hits="0" branch="false"/>
								<line number="47" hits="0" branch="false"/>
								<line number="48" hits="0" branch="false"/>
								<line number="49" hits="0" branch="false"/>
								<line number="50" hits="0" branch="false"/>
								<line number="51" hits="0" branch="false"/>
								<line number="52" hits="0" branch="false"/>
								<line number="53" hits="0" branch="false"/>
								<line number="54" hits="0" branch="false"/>
								<line number="55" hits="0" branch="false"/>
								<line number="56" hits="0" branch="false"/>
								<line number="57" hits="0" branch="false"/>
								<line number="58" hits="0" branch="false"/>
								<line number="59" hits="0" branch="false"/>
								<line number="60" hits="0" branch="false"/>
								<line number="61" hits="0" branch="false"/>
								<line number="62" hits="0" branch="false"/>
							</lines>
						</method>
						<method name="&lt;init&gt;" signature="(Ljava/lang/String;I)V" line-rate="1.0" branch-rate="1.0">
							<lines>
							</lines>
						</method>
						<method name="valueOf" signature="(Ljava/lang/String;)Lorg/anarres/udev/UdevSubsystem;" line-rate="1.0" branch-rate="1.0">
							<lines>
							</lines>
						</method>
						<method name="values" signature="()[Lorg/anarres/udev/UdevSubsystem;" line-rate="1.0" branch-rate="1.0">
							<lines>
							</lines>
						</method>
					</methods>
					<lines>
						<line number="8" hits="0" branch="false"/>
						<line number="10" hits="0" branch="false"/>
						<line number="11" hits="0" branch="false"/>
						<line number="12" hits="0" branch="false"/>
						<line number="13" hits="0" branch="false"/>
						<line number="14" hits="0" branch="false"/>
						<line number="15" hits="0" branch="false"/>
						<line number="16" hits="0" branch="false"/>
						<line number="17" hits="0" branch="false"/>
						<line number="18" hits="0" branch="false"/>
						<line number="19" hits="0" branch="false"/>
						<line number="20" hits="0" branch="false"/>
						<line number="21" hits="0" branch="false"/>
						<line number="22" hits="0" branch="false"/>
						<line number="23" hits="0" branch="false"/>
						<line number="24" hits="0" branch="false"/>
						<line number="25" hits="0" branch="false"/>
						<line number="26" hits="0" branch="false"/>
						<line number="27" hits="0" branch="false"/>
						<line number="28" hits="0" branch="false"/>
						<line number="29" hits="0" branch="false"/>
						<line number="30" hits="0" branch="false"/>
						<line number="31" hits="0" branch="false"/>
						<line number="32" hits="0" branch="false"/>
						<line number="33" hits="0" branch="false"/>
						<line number="34" hits="0" branch="false"/>
						<line number="35" hits="0" branch="false"/>
						<line number="36" hits="0" branch="false"/>
						<line number="37" hits="0" branch="false"/>
						<line number="38" hits="0" branch="false"/>
						<line number="39" hits="0" branch="false"/>
						<line number="40" hits="0" branch="false"/>
						<line number="41" hits="0" branch="false"/>
						<line number="42" hits="0" branch="false"/>
						<line number="43" hits="0" branch="false"/>
						<line number="44" hits="0" branch="false"/>
						<line number="45" hits="0" branch="false"/>
						<line number="46" hits="0" branch="false"/>
						<line number="47" hits="0" branch="false"/>
						<line number="48" hits="0" branch="false"/>
						<line number="49" hits="0" branch="false"/>
						<line number="50" hits="0" branch="false"/>
						<line number="51" hits="0" branch="false"/>
						<line number="52" hits="0" branch="false"/>
						<line number="53" hits="0" branch="false"/>
						<line number="54" hits="0" branch="false"/>
						<line number="55" hits="0" branch="false"/>
						<line number="56" hits="0" branch="false"/>
						<line number="57" hits="0" branch="false"/>
						<line number="58" hits="0" branch="false"/>
						<line number="59" hits="0" branch="false"/>
						<line number="60" hits="0" branch="false"/>
						<line number="61" hits="0" branch="false"/>
						<line number="62" hits="0" branch="false"/>
					</lines>
				</class>
				<class name="org.anarres.udev.UdevValueIterator" filename="org/anarres/udev/UdevValueIterator.java" line-rate="1.0" branch-rate="1.0" complexity="1.0">
					<methods>
						<method name="&lt;init&gt;" signature="(Lorg/anarres/udev/generated/UdevLibrary;Lorg/anarres/udev/generated/UdevLibrary$udev_list_entry;)V" line-rate="1.0" branch-rate="1.0">
							<lines>
								<line number="16" hits="1198" branch="false"/>
								<line number="17" hits="1198" branch="false"/>
							</lines>
						</method>
						<method name="toEntry" signature="(Lorg/anarres/udev/generated/UdevLibrary;Lorg/anarres/udev/generated/UdevLibrary$udev_list_entry;)Ljava/lang/Object;" line-rate="1.0" branch-rate="1.0">
							<lines>
								<line number="13" hits="5351" branch="false"/>
							</lines>
						</method>
						<method name="toEntry" signature="(Lorg/anarres/udev/generated/UdevLibrary;Lorg/anarres/udev/generated/UdevLibrary$udev_list_entry;)Ljava/lang/String;" line-rate="1.0" branch-rate="1.0">
							<lines>
								<line number="21" hits="5351" branch="false"/>
							</lines>
						</method>
					</methods>
					<lines>
						<line number="13" hits="5351" branch="false"/>
						<line number="16" hits="1198" branch="false"/>
						<line number="17" hits="1198" branch="false"/>
						<line number="21" hits="5351" branch="false"/>
					</lines>
				</class>
			</classes>
		</package>
		<package name="org.anarres.udev.generated" line-rate="0.2857142857142857" branch-rate="1.0" complexity="1.0">
			<classes>
				<class name="org.anarres.udev.generated.UdevLibrary" filename="org/anarres/udev/generated/UdevLibrary.java" line-rate="1.0" branch-rate="1.0" complexity="1.0">
					<methods>
					</methods>
					<lines>
					</lines>
				</class>
				<class name="org.anarres.udev.generated.UdevLibrary$udev" filename="org/anarres/udev/generated/UdevLibrary.java" line-rate="0.5" branch-rate="1.0" complexity="1.0">
					<methods>
						<method name="&lt;init&gt;" signature="()V" line-rate="1.0" branch-rate="1.0">
							<lines>
								<line number="728" hits="3" branch="false"/>
								<line number="729" hits="3" branch="false"/>
							</lines>
						</method>
						<method name="&lt;init&gt;" signature="(Lcom/sun/jna/Pointer;)V" line-rate="0.0" branch-rate="1.0">
							<lines>
								<line number="725" hits="0" branch="false"/>
								<line number="726" hits="0" branch="false"/>
							</lines>
						</method>
					</methods>
					<lines>
						<line number="725" hits="0" branch="false"/>
						<line number="726" hits="0" branch="false"/>
						<line number="728" hits="3" branch="false"/>
						<line number="729" hits="3" branch="false"/>
					</lines>
				</class>
				<class name="org.anarres.udev.generated.UdevLibrary$udev_device" filename="org/anarres/udev/generated/UdevLibrary.java" line-rate="0.5" branch-rate="1.0" complexity="1.0">
					<methods>
						<method name="&lt;init&gt;" signature="()V" line-rate="1.0" branch-rate="1.0">
							<lines>
								<line number="704" hits="960" branch="false"/>
								<line number="705" hits="960" branch="false"/>
							</lines>
						</method>
						<method name="&lt;init&gt;" signature="(Lcom/sun/jna/Pointer;)V" line-rate="0.0" branch-rate="1.0">
							<lines>
								<line number="701" hits="0" branch="false"/>
								<line number="702" hits="0" branch="false"/>
							</lines>
						</method>
					</methods>
					<lines>
						<line number="701" hits="0" branch="false"/>
						<line number="702" hits="0" branch="false"/>
						<line number="704" hits="960" branch="false"/>
						<line number="705" hits="960" branch="false"/>
					</lines>
				</class>
				<class name="org.anarres.udev.generated.UdevLibrary$udev_enumerate" filename="org/anarres/udev/generated/UdevLibrary.java" line-rate="0.5" branch-rate="1.0" complexity="1.0">
					<methods>
						<method name="&lt;init&gt;" signature="()V" line-rate="1.0" branch-rate="1.0">
							<lines>
								<line number="744" hits="3" branch="false"/>
								<line number="745" hits="3" branch="false"/>
							</lines>
						</method>
						<method name="&lt;init&gt;" signature="(Lcom/sun/jna/Pointer;)V" line-rate="0.0" branch-rate="1.0">
							<lines>
								<line number="741" hits="0" branch="false"/>
								<line number="742" hits="0" branch="false"/>
							</lines>
						</method>
					</methods>
					<lines>
						<line number="741" hits="0" branch="false"/>
						<line number="742" hits="0" branch="false"/>
						<line number="744" hits="3" branch="false"/>
						<line number="745" hits="3" branch="false"/>
					</lines>
				</class>
				<class name="org.anarres.udev.generated.UdevLibrary$udev_list_entry" filename="org/anarres/udev/generated/UdevLibrary.java" line-rate="0.5" branch-rate="1.0" complexity="1.0">
					<methods>
						<method name="&lt;init&gt;" signature="()V" line-rate="1.0" branch-rate="1.0">
							<lines>
								<line number="712" hits="9982" branch="false"/>
								<line number="713" hits="9982" branch="false"/>
							</lines>
						</method>
						<method name="&lt;init&gt;" signature="(Lcom/sun/jna/Pointer;)V" line-rate="0.0" branch-rate="1.0">
							<lines>
								<line number="709" hits="0" branch="false"/>
								<line number="710" hits="0" branch="false"/>
							</lines>
						</method>
					</methods>
					<lines>
						<line number="709" hits="0" branch="false"/>
						<line number="710" hits="0" branch="false"/>
						<line number="712" hits="9982" branch="false"/>
						<line number="713" hits="9982" branch="false"/>
					</lines>
				</class>
				<class name="org.anarres.udev.generated.UdevLibrary$udev_monitor" filename="org/anarres/udev/generated/UdevLibrary.java" line-rate="0.0" branch-rate="1.0" complexity="1.0">
					<methods>
						<method name="&lt;init&gt;" signature="()V" line-rate="0.0" branch-rate="1.0">
							<lines>
								<line number="736" hits="0" branch="false"/>
								<line number="737" hits="0" branch="false"/>
							</lines>
						</method>
						<method name="&lt;init&gt;" signature="(Lcom/sun/jna/Pointer;)V" line-rate="0.0" branch-rate="1.0">
							<lines>
								<line number="733" hits="0" branch="false"/>
								<line number="734" hits="0" branch="false"/>
							</lines>
						</method>
					</methods>
					<lines>
						<line number="733" hits="0" branch="false"/>
						<line number="734" hits="0" branch="false"/>
						<line number="736" hits="0" branch="false"/>
						<line number="737" hits="0" branch="false"/>
					</lines>
				</class>
				<class name="org.anarres.udev.generated.UdevLibrary$udev_queue" filename="org/anarres/udev/generated/UdevLibrary.java" line-rate="0.0" branch-rate="1.0" complexity="1.0">
					<methods>
						<method name="&lt;init&gt;" signature="()V" line-rate="0.0" branch-rate="1.0">
							<lines>
								<line number="696" hits="0" branch="false"/>
								<line number="697" hits="0" branch="false"/>
							</lines>
						</method>
						<method name="&lt;init&gt;" signature="(Lcom/sun/jna/Pointer;)V" line-rate="0.0" branch-rate="1.0">
							<lines>
								<line number="693" hits="0" branch="false"/>
								<line number="694" hits="0" branch="false"/>
							</lines>
						</method>
					</methods>
					<lines>
						<line number="693" hits="0" branch="false"/>
						<line number="694" hits="0" branch="false"/>
						<line number="696" hits="0" branch="false"/>
						<line number="697" hits="0" branch="false"/>
					</lines>
				</class>
				<class name="org.anarres.udev.generated.UdevLibrary$udev_set_log_fn_log_fn_callback" filename="org/anarres/udev/generated/UdevLibrary.java" line-rate="1.0" branch-rate="1.0" complexity="1.0">
					<methods>
					</methods>
					<lines>
					</lines>
				</class>
				<class name="org.anarres.udev.generated.UdevLibrary$va_list" filename="org/anarres/udev/generated/UdevLibrary.java" line-rate="0.0" branch-rate="1.0" complexity="1.0">
					<methods>
						<method name="&lt;init&gt;" signature="()V" line-rate="0.0" branch-rate="1.0">
							<lines>
								<line number="720" hits="0" branch="false"/>
								<line number="721" hits="0" branch="false"/>
							</lines>
						</method>
						<method name="&lt;init&gt;" signature="(Lcom/sun/jna/Pointer;)V" line-rate="0.0" branch-rate="1.0">
							<lines>
								<line number="717" hits="0" branch="false"/>
								<line number="718" hits="0" branch="false"/>
							</lines>
						</method>
					</methods>
					<lines>
						<line number="717" hits="0" branch="false"/>
						<line number="718" hits="0" branch="false"/>
						<line number="720" hits="0" branch="false"/>
						<line number="721" hits="0" branch="false"/>
					</lines>
				</class>
			</classes>
		</package>
	</packages>
</coverage>
